# JRE version: Java(TM) SE Runtime Environment (8.0_261-b12) (build 1.8.0_261-b12)
# Java VM: Java HotSpot(TM) 64-Bit Server VM (25.261-b12 mixed mode bsd-amd64 compressed oops)
Heap:
 PSYoungGen      total 282624K, used 17194K [0x00000007aab00000, 0x00000007bd100000, 0x00000007c0000000)
  eden space 266240K, 6% used [0x00000007aab00000,0x00000007abbcab28,0x00000007baf00000)
  from space 16384K, 0% used [0x00000007bc100000,0x00000007bc100000,0x00000007bd100000)
  to   space 17408K, 0% used [0x00000007baf00000,0x00000007baf00000,0x00000007bc000000)
 ParOldGen       total 87552K, used 72321K [0x0000000780000000, 0x0000000785580000, 0x00000007aab00000)
  object space 87552K, 82% used [0x0000000780000000,0x00000007846a0690,0x0000000785580000)
 Metaspace       used 13406K, capacity 14074K, committed 14336K, reserved 1060864K
  class space    used 2026K, capacity 2182K, committed 2304K, reserved 1048576K
GC Heap History (10 events):
Event: 4.059 GC heap before
{Heap before GC invocations=26 (full 10):
 PSYoungGen      total 284160K, used 9440K [0x00000007aab00000, 0x00000007bd300000, 0x00000007c0000000)
  eden space 266240K, 0% used [0x00000007aab00000,0x00000007aab00000,0x00000007baf00000)
  from space 17920K, 52% used [0x00000007bc180000,0x00000007bcab8000,0x00000007bd300000)
  to   space 18432K, 0% used [0x00000007baf00000,0x00000007baf00000,0x00000007bc100000)
 ParOldGen       total 87552K, used 55708K [0x0000000780000000, 0x0000000785580000, 0x00000007aab00000)
  object space 87552K, 63% used [0x0000000780000000,0x0000000783667310,0x0000000785580000)
 Metaspace       used 13191K, capacity 13820K, committed 13952K, reserved 1060864K
  class space    used 2004K, capacity 2145K, committed 2176K, reserved 1048576K
Event: 4.191 GC heap after
Heap after GC invocations=26 (full 10):
 PSYoungGen      total 284160K, used 0K [0x00000007aab00000, 0x00000007bd300000, 0x00000007c0000000)
  eden space 266240K, 0% used [0x00000007aab00000,0x00000007aab00000,0x00000007baf00000)
  from space 17920K, 0% used [0x00000007bc180000,0x00000007bc180000,0x00000007bd300000)
  to   space 18432K, 0% used [0x00000007baf00000,0x00000007baf00000,0x00000007bc100000)
 ParOldGen       total 87552K, used 60139K [0x0000000780000000, 0x0000000785580000, 0x00000007aab00000)
  object space 87552K, 68% used [0x0000000780000000,0x0000000783abae78,0x0000000785580000)
 Metaspace       used 13191K, capacity 13820K, committed 13952K, reserved 1060864K
  class space    used 2004K, capacity 2145K, committed 2176K, reserved 1048576K
}
Event: 4.253 GC heap before
{Heap before GC invocations=27 (full 10):
 PSYoungGen      total 284160K, used 94146K [0x00000007aab00000, 0x00000007bd300000, 0x00000007c0000000)
  eden space 266240K, 35% used [0x00000007aab00000,0x00000007b06f0b08,0x00000007baf00000)
  from space 17920K, 0% used [0x00000007bc180000,0x00000007bc180000,0x00000007bd300000)
  to   space 18432K, 0% used [0x00000007baf00000,0x00000007baf00000,0x00000007bc100000)
 ParOldGen       total 87552K, used 60139K [0x0000000780000000, 0x0000000785580000, 0x00000007aab00000)
  object space 87552K, 68% used [0x0000000780000000,0x0000000783abae78,0x0000000785580000)
 Metaspace       used 13191K, capacity 13820K, committed 13952K, reserved 1060864K
  class space    used 2004K, capacity 2145K, committed 2176K, reserved 1048576K
Event: 4.263 GC heap after
Heap after GC invocations=27 (full 10):
 PSYoungGen      total 284672K, used 11040K [0x00000007aab00000, 0x00000007bd300000, 0x00000007c0000000)
  eden space 266240K, 0% used [0x00000007aab00000,0x00000007aab00000,0x00000007baf00000)
  from space 18432K, 59% used [0x00000007baf00000,0x00000007bb9c8000,0x00000007bc100000)
  to   space 18432K, 0% used [0x00000007bc100000,0x00000007bc100000,0x00000007bd300000)
 ParOldGen       total 87552K, used 60139K [0x0000000780000000, 0x0000000785580000, 0x00000007aab00000)
  object space 87552K, 68% used [0x0000000780000000,0x0000000783abae78,0x0000000785580000)
 Metaspace       used 13191K, capacity 13820K, committed 13952K, reserved 1060864K
  class space    used 2004K, capacity 2145K, committed 2176K, reserved 1048576K
}
Event: 4.263 GC heap before
{Heap before GC invocations=28 (full 11):
 PSYoungGen      total 284672K, used 11040K [0x00000007aab00000, 0x00000007bd300000, 0x00000007c0000000)
  eden space 266240K, 0% used [0x00000007aab00000,0x00000007aab00000,0x00000007baf00000)
  from space 18432K, 59% used [0x00000007baf00000,0x00000007bb9c8000,0x00000007bc100000)
  to   space 18432K, 0% used [0x00000007bc100000,0x00000007bc100000,0x00000007bd300000)
 ParOldGen       total 87552K, used 60139K [0x0000000780000000, 0x0000000785580000, 0x00000007aab00000)
  object space 87552K, 68% used [0x0000000780000000,0x0000000783abae78,0x0000000785580000)
 Metaspace       used 13191K, capacity 13820K, committed 13952K, reserved 1060864K
  class space    used 2004K, capacity 2145K, committed 2176K, reserved 1048576K
Event: 4.404 GC heap after
Heap after GC invocations=28 (full 11):
 PSYoungGen      total 284672K, used 0K [0x00000007aab00000, 0x00000007bd300000, 0x00000007c0000000)
  eden space 266240K, 0% used [0x00000007aab00000,0x00000007aab00000,0x00000007baf00000)
  from space 18432K, 0% used [0x00000007baf00000,0x00000007baf00000,0x00000007bc100000)
  to   space 18432K, 0% used [0x00000007bc100000,0x00000007bc100000,0x00000007bd300000)
 ParOldGen       total 87552K, used 70412K [0x0000000780000000, 0x0000000785580000, 0x00000007aab00000)
  object space 87552K, 80% used [0x0000000780000000,0x00000007844c3318,0x0000000785580000)
 Metaspace       used 13191K, capacity 13820K, committed 13952K, reserved 1060864K
  class space    used 2004K, capacity 2145K, committed 2176K, reserved 1048576K
}
Event: 4.475 GC heap before
{Heap before GC invocations=29 (full 11):
 PSYoungGen      total 284672K, used 73270K [0x00000007aab00000, 0x00000007bd300000, 0x00000007c0000000)
  eden space 266240K, 27% used [0x00000007aab00000,0x00000007af28d908,0x00000007baf00000)
  from space 18432K, 0% used [0x00000007baf00000,0x00000007baf00000,0x00000007bc100000)
  to   space 18432K, 0% used [0x00000007bc100000,0x00000007bc100000,0x00000007bd300000)
 ParOldGen       total 87552K, used 70412K [0x0000000780000000, 0x0000000785580000, 0x00000007aab00000)
  object space 87552K, 80% used [0x0000000780000000,0x00000007844c3318,0x0000000785580000)
 Metaspace       used 13305K, capacity 13890K, committed 13952K, reserved 1060864K
  class space    used 2006K, capacity 2146K, committed 2176K, reserved 1048576K
Event: 4.483 GC heap after
Heap after GC invocations=29 (full 11):
 PSYoungGen      total 282624K, used 7403K [0x00000007aab00000, 0x00000007bd100000, 0x00000007c0000000)
  eden space 266240K, 0% used [0x00000007aab00000,0x00000007aab00000,0x00000007baf00000)
  from space 16384K, 45% used [0x00000007bc100000,0x00000007bc83acc0,0x00000007bd100000)
  to   space 17408K, 0% used [0x00000007baf00000,0x00000007baf00000,0x00000007bc000000)
 ParOldGen       total 87552K, used 70412K [0x0000000780000000, 0x0000000785580000, 0x00000007aab00000)
  object space 87552K, 80% used [0x0000000780000000,0x00000007844c3318,0x0000000785580000)
 Metaspace       used 13305K, capacity 13890K, committed 13952K, reserved 1060864K
  class space    used 2006K, capacity 2146K, committed 2176K, reserved 1048576K
}
Event: 4.483 GC heap before
{Heap before GC invocations=30 (full 12):
 PSYoungGen      total 282624K, used 7403K [0x00000007aab00000, 0x00000007bd100000, 0x00000007c0000000)
  eden space 266240K, 0% used [0x00000007aab00000,0x00000007aab00000,0x00000007baf00000)
  from space 16384K, 45% used [0x00000007bc100000,0x00000007bc83acc0,0x00000007bd100000)
  to   space 17408K, 0% used [0x00000007baf00000,0x00000007baf00000,0x00000007bc000000)
 ParOldGen       total 87552K, used 70412K [0x0000000780000000, 0x0000000785580000, 0x00000007aab00000)
  object space 87552K, 80% used [0x0000000780000000,0x00000007844c3318,0x0000000785580000)
 Metaspace       used 13305K, capacity 13890K, committed 13952K, reserved 1060864K
  class space    used 2006K, capacity 2146K, committed 2176K, reserved 1048576K
Event: 4.606 GC heap after
Heap after GC invocations=30 (full 12):
 PSYoungGen      total 282624K, used 0K [0x00000007aab00000, 0x00000007bd100000, 0x00000007c0000000)
  eden space 266240K, 0% used [0x00000007aab00000,0x00000007aab00000,0x00000007baf00000)
  from space 16384K, 0% used [0x00000007bc100000,0x00000007bc100000,0x00000007bd100000)
  to   space 17408K, 0% used [0x00000007baf00000,0x00000007baf00000,0x00000007bc000000)
 ParOldGen       total 87552K, used 72321K [0x0000000780000000, 0x0000000785580000, 0x00000007aab00000)
  object space 87552K, 82% used [0x0000000780000000,0x00000007846a0690,0x0000000785580000)
 Metaspace       used 13305K, capacity 13890K, committed 13952K, reserved 1060864K
  class space    used 2006K, capacity 2146K, committed 2176K, reserved 1048576K
}

